Volatility 3 Framework 2.7.1

PID	PPID	ImageFileName	Offset(V)	Threads	Handles	SessionId	Wow64	CreateTime	ExitTime	File output

4	0	System	0x800506eff040	298	-	N/A	False	2024-07-13 17:30:09.000000 	N/A	Disabled
108	4	Secure System	0x80050804a040	0	-	N/A	False	2024-07-13 17:30:06.000000 	N/A	Disabled
152	4	Registry	0x8005080e0040	4	-	N/A	False	2024-07-13 17:30:06.000000 	N/A	Disabled
596	4	smss.exe	0x800524c83040	2	-	N/A	False	2024-07-13 17:30:09.000000 	N/A	Disabled
832	740	csrss.exe	0x800527c9b140	13	-	0	False	2024-07-13 17:30:17.000000 	N/A	Disabled
920	740	wininit.exe	0x80052afa2080	2	-	0	False	2024-07-13 17:30:17.000000 	N/A	Disabled
940	912	csrss.exe	0x80052c00f140	15	-	1	False	2024-07-13 17:30:17.000000 	N/A	Disabled
1020	920	services.exe	0x80052c07d080	6	-	0	False	2024-07-13 17:30:17.000000 	N/A	Disabled
516	912	winlogon.exe	0x80052c09d080	3	-	1	False	2024-07-13 17:30:17.000000 	N/A	Disabled
712	920	WerFault.exe	0x80052c0c3080	0	-	0	False	2024-07-13 17:30:17.000000 	2024-07-13 17:30:29.000000 	Disabled
792	920	LsaIso.exe	0x80052c0cd080	1	-	0	False	2024-07-13 17:30:17.000000 	N/A	Disabled
740	920	lsass.exe	0x80052c0cc080	8	-	0	False	2024-07-13 17:30:17.000000 	N/A	Disabled
1140	1020	svchost.exe	0x80052c17b080	11	-	0	False	2024-07-13 17:30:17.000000 	N/A	Disabled
1172	516	fontdrvhost.ex	0x80052c1980c0	5	-	1	False	2024-07-13 17:30:17.000000 	N/A	Disabled
1180	920	fontdrvhost.ex	0x80052c1a90c0	5	-	0	False	2024-07-13 17:30:17.000000 	N/A	Disabled
1256	1020	svchost.exe	0x80052c209080	10	-	0	False	2024-07-13 17:30:17.000000 	N/A	Disabled
1308	1020	WUDFHost.exe	0x80052c218080	20	-	0	False	2024-07-13 17:30:17.000000 	N/A	Disabled
1360	1020	svchost.exe	0x80052c29f080	7	-	0	False	2024-07-13 17:30:17.000000 	N/A	Disabled
1368	1020	svchost.exe	0x80052c2b30c0	5	-	0	False	2024-07-13 17:30:17.000000 	N/A	Disabled
1504	1020	svchost.exe	0x80052c3bc080	1	-	0	False	2024-07-13 17:30:17.000000 	N/A	Disabled
1500	1020	svchost.exe	0x80052c34b080	3	-	0	False	2024-07-13 17:30:17.000000 	N/A	Disabled
1528	1020	svchost.exe	0x80052c3c2080	4	-	0	False	2024-07-13 17:30:17.000000 	N/A	Disabled
1564	1020	svchost.exe	0x80052c4440c0	12	-	0	False	2024-07-13 17:30:17.000000 	N/A	Disabled
1612	1020	svchost.exe	0x80052c45a080	3	-	0	False	2024-07-13 17:30:17.000000 	N/A	Disabled
1660	1020	svchost.exe	0x80052c4880c0	7	-	0	False	2024-07-13 17:30:17.000000 	N/A	Disabled
1668	1020	svchost.exe	0x80052c491080	7	-	0	False	2024-07-13 17:30:17.000000 	N/A	Disabled
1756	1020	WUDFHost.exe	0x80052c4f3080	11	-	0	False	2024-07-13 17:30:17.000000 	N/A	Disabled
1780	1020	svchost.exe	0x80052c4f9080	9	-	0	False	2024-07-13 17:30:17.000000 	N/A	Disabled
1868	1020	svchost.exe	0x80052c4dc0c0	21	-	0	False	2024-07-13 17:30:17.000000 	N/A	Disabled
1900	1020	svchost.exe	0x80052c4e4080	5	-	0	False	2024-07-13 17:30:17.000000 	N/A	Disabled
1920	1020	svchost.exe	0x80052c4e3080	1	-	0	False	2024-07-13 17:30:17.000000 	N/A	Disabled
1932	1020	svchost.exe	0x80052c5800c0	2	-	0	False	2024-07-13 17:30:17.000000 	N/A	Disabled
1356	516	dwm.exe	0x80052c59f080	23	-	1	False	2024-07-13 17:30:17.000000 	N/A	Disabled
2120	1020	svchost.exe	0x80052c608080	6	-	0	False	2024-07-13 17:30:18.000000 	N/A	Disabled
2148	1020	svchost.exe	0x80052c609080	4	-	0	False	2024-07-13 17:30:18.000000 	N/A	Disabled
2172	1020	IntelCpHDCPSvc	0x80052c64a080	3	-	0	False	2024-07-13 17:30:18.000000 	N/A	Disabled
2244	1020	WUDFHost.exe	0x80052c65e080	5	-	0	False	2024-07-13 17:30:18.000000 	N/A	Disabled
2300	1020	svchost.exe	0x80052c69d080	10	-	0	False	2024-07-13 17:30:18.000000 	N/A	Disabled
2412	1020	svchost.exe	0x80052c72b080	6	-	0	False	2024-07-13 17:30:18.000000 	N/A	Disabled
2424	1020	svchost.exe	0x80052c72e080	11	-	0	False	2024-07-13 17:30:18.000000 	N/A	Disabled
2480	1020	svchost.exe	0x80052c742080	2	-	0	False	2024-07-13 17:30:18.000000 	N/A	Disabled
2492	1020	svchost.exe	0x80052c787080	3	-	0	False	2024-07-13 17:30:18.000000 	N/A	Disabled
2532	1020	svchost.exe	0x80052c73e080	4	-	0	False	2024-07-13 17:30:18.000000 	N/A	Disabled
2552	1020	svchost.exe	0x80052c7b1080	6	-	0	False	2024-07-13 17:30:18.000000 	N/A	Disabled
2680	1020	svchost.exe	0x80052c7ea080	2	-	0	False	2024-07-13 17:30:18.000000 	N/A	Disabled
2804	1020	svchost.exe	0x80052c85a080	5	-	0	False	2024-07-13 17:30:18.000000 	N/A	Disabled
2888	1020	svchost.exe	0x80052c89e080	1	-	0	False	2024-07-13 17:30:18.000000 	N/A	Disabled
2924	1020	svchost.exe	0x80052c8c9080	1	-	0	False	2024-07-13 17:30:18.000000 	N/A	Disabled
3056	1020	svchost.exe	0x80052c913080	7	-	0	False	2024-07-13 17:30:18.000000 	N/A	Disabled
3208	1020	svchost.exe	0x80052c9b1080	6	-	0	False	2024-07-13 17:30:18.000000 	N/A	Disabled
3240	1020	svchost.exe	0x80052c9de080	3	-	0	False	2024-07-13 17:30:18.000000 	N/A	Disabled
3244	1020	svchost.exe	0x80052c9df080	2	-	0	False	2024-07-13 17:30:18.000000 	N/A	Disabled
3256	1020	svchost.exe	0x80052c9dc080	7	-	0	False	2024-07-13 17:30:18.000000 	N/A	Disabled
3332	4	MemCompression	0x80052ca17040	55	-	N/A	False	2024-07-13 17:30:18.000000 	N/A	Disabled
3376	1020	svchost.exe	0x80052c9c5080	2	-	0	False	2024-07-13 17:30:18.000000 	N/A	Disabled
3404	1020	svchost.exe	0x80052cb70080	2	-	0	False	2024-07-13 17:30:18.000000 	N/A	Disabled
3412	1020	svchost.exe	0x80052cbba080	5	-	0	False	2024-07-13 17:30:18.000000 	N/A	Disabled
3464	1020	svchost.exe	0x80052cbe4080	4	-	0	False	2024-07-13 17:30:18.000000 	N/A	Disabled
3616	1020	svchost.exe	0x80052cdea0c0	7	-	0	False	2024-07-13 17:30:18.000000 	N/A	Disabled
3768	1020	svchost.exe	0x80052cf56080	2	-	0	False	2024-07-13 17:30:18.000000 	N/A	Disabled
3816	1020	svchost.exe	0x80052cfac080	11	-	0	False	2024-07-13 17:30:19.000000 	N/A	Disabled
3844	1020	svchost.exe	0x80052cf76080	3	-	0	False	2024-07-13 17:30:19.000000 	N/A	Disabled
3440	1020	svchost.exe	0x80052d10d080	3	-	0	False	2024-07-13 17:30:19.000000 	N/A	Disabled
3196	1020	svchost.exe	0x80052d17a080	16	-	0	False	2024-07-13 17:30:19.000000 	N/A	Disabled
3880	1020	svchost.exe	0x80052d184080	4	-	0	False	2024-07-13 17:30:19.000000 	N/A	Disabled
4168	1020	svchost.exe	0x80052d1b80c0	2	-	0	False	2024-07-13 17:30:19.000000 	N/A	Disabled
4232	1020	spoolsv.exe	0x80052d1d60c0	7	-	0	False	2024-07-13 17:30:19.000000 	N/A	Disabled
4272	1020	svchost.exe	0x80052d2870c0	12	-	0	False	2024-07-13 17:30:19.000000 	N/A	Disabled
4396	3196	wlanext.exe	0x80052d28c080	2	-	0	False	2024-07-13 17:30:19.000000 	N/A	Disabled
4432	4396	conhost.exe	0x80052d293080	2	-	0	False	2024-07-13 17:30:19.000000 	N/A	Disabled
4488	1020	svchost.exe	0x80052d2f9080	5	-	0	False	2024-07-13 17:30:19.000000 	N/A	Disabled
4596	1020	svchost.exe	0x80052d330080	2	-	0	False	2024-07-13 17:30:19.000000 	N/A	Disabled
4608	1020	Dell.TechHub.e	0x80052d333080	30	-	0	False	2024-07-13 17:30:19.000000 	N/A	Disabled
4616	1020	svchost.exe	0x80052d331080	18	-	0	False	2024-07-13 17:30:19.000000 	N/A	Disabled
4628	1020	svchost.exe	0x80052d332080	15	-	0	False	2024-07-13 17:30:19.000000 	N/A	Disabled
4640	1020	OfficeClickToR	0x80052d3350c0	19	-	0	False	2024-07-13 17:30:19.000000 	N/A	Disabled
4648	1020	ipfsvc.exe	0x80052d338080	8	-	0	False	2024-07-13 17:30:19.000000 	N/A	Disabled
4676	1020	FNPLicensingSe	0x80052d34a080	10	-	0	False	2024-07-13 17:30:19.000000 	N/A	Disabled
4688	1020	esif_uf.exe	0x80052d337080	4	-	0	False	2024-07-13 17:30:19.000000 	N/A	Disabled
4820	1020	svchost.exe	0x80052d32a080	8	-	0	False	2024-07-13 17:30:19.000000 	N/A	Disabled
4844	1020	IntelAudioServ	0x80052d32c080	5	-	0	False	2024-07-13 17:30:19.000000 	N/A	Disabled
4904	1020	ipf_uf.exe	0x80052d44d080	3	-	0	False	2024-07-13 17:30:19.000000 	N/A	Disabled
4916	1020	svchost.exe	0x80052d449080	7	-	0	False	2024-07-13 17:30:19.000000 	N/A	Disabled
4956	1020	jhi_service.ex	0x80052d4b9080	2	-	0	False	2024-07-13 17:30:19.000000 	N/A	Disabled
4992	1020	mc-fw-host.exe	0x80052d4d7080	143	-	0	False	2024-07-13 17:30:19.000000 	N/A	Disabled
5036	1020	servicehost.ex	0x80052d509080	129	-	0	False	2024-07-13 17:30:19.000000 	N/A	Disabled
5044	1020	MpDefenderCore	0x80052d50a080	9	-	0	False	2024-07-13 17:30:19.000000 	N/A	Disabled
5080	1020	svchost.exe	0x80052d531080	6	-	0	False	2024-07-13 17:30:19.000000 	N/A	Disabled
4368	1020	RstMwService.e	0x80052d4df080	9	-	0	False	2024-07-13 17:30:19.000000 	N/A	Disabled
4976	1020	SmartByteAnaly	0x80052d566080	3	-	0	False	2024-07-13 17:30:19.000000 	N/A	Disabled
4800	1020	SmartByteNetwo	0x80052d5460c0	20	-	0	False	2024-07-13 17:30:19.000000 	N/A	Disabled
5124	1020	svchost.exe	0x80052d54b080	4	-	0	False	2024-07-13 17:30:19.000000 	N/A	Disabled
5140	1020	WavesAudioServ	0x80052d54c080	4	-	0	False	2024-07-13 17:30:19.000000 	N/A	Disabled
5156	1020	WavesSysSvc64.	0x80052d555080	20	-	0	False	2024-07-13 17:30:19.000000 	N/A	Disabled
5204	1020	MsMpEng.exe	0x80052d5e5080	53	-	0	False	2024-07-13 17:30:19.000000 	N/A	Disabled
5232	1020	svchost.exe	0x80052d5e6080	19	-	0	False	2024-07-13 17:30:19.000000 	N/A	Disabled
5292	1020	WMIRegistratio	0x80052d610080	2	-	0	True	2024-07-13 17:30:19.000000 	N/A	Disabled
5308	1020	svchost.exe	0x80052d611080	8	-	0	False	2024-07-13 17:30:19.000000 	N/A	Disabled
5360	1020	wslservice.exe	0x80052d61c080	9	-	0	False	2024-07-13 17:30:19.000000 	N/A	Disabled
5680	1020	svchost.exe	0x80052d773080	2	-	0	False	2024-07-13 17:30:19.000000 	N/A	Disabled
7040	1020	RAPSService.ex	0x80052dbd7080	6	-	0	False	2024-07-13 17:30:20.000000 	N/A	Disabled
7084	1020	svchost.exe	0x80052dbe3080	5	-	0	False	2024-07-13 17:30:20.000000 	N/A	Disabled
7140	5292	mofcomp.exe	0x80052dbea080	0	-	0	True	2024-07-13 17:30:20.000000 	2024-07-13 17:30:21.000000 	Disabled
5880	7040	RAPS.exe	0x80052dc530c0	10	-	0	False	2024-07-13 17:30:20.000000 	N/A	Disabled
6100	5880	conhost.exe	0x80052dc54080	4	-	0	False	2024-07-13 17:30:20.000000 	N/A	Disabled
2112	4628	AggregatorHost	0x80052de7f080	3	-	0	False	2024-07-13 17:30:20.000000 	N/A	Disabled
7856	5292	mofcomp.exe	0x80052d84d080	0	-	0	True	2024-07-13 17:30:21.000000 	2024-07-13 17:30:21.000000 	Disabled
5576	4992	regsvr32.exe	0x80052e378080	0	-	0	False	2024-07-13 17:30:22.000000 	2024-07-13 17:30:23.000000 	Disabled
8148	4992	regsvr32.exe	0x80052e377080	0	-	0	False	2024-07-13 17:30:22.000000 	2024-07-13 17:30:23.000000 	Disabled
7216	8148	regsvr32.exe	0x80052e376080	0	-	0	True	2024-07-13 17:30:22.000000 	2024-07-13 17:30:23.000000 	Disabled
7808	1020	svchost.exe	0x800527b15080	2	-	0	False	2024-07-13 17:30:23.000000 	N/A	Disabled
5840	1020	svchost.exe	0x80052e374080	12	-	0	False	2024-07-13 17:30:24.000000 	N/A	Disabled
5660	1020	svchost.exe	0x800527b35080	8	-	0	False	2024-07-13 17:30:24.000000 	N/A	Disabled
8196	4904	ipf_helper.exe	0x80052e375080	7	-	1	False	2024-07-13 17:30:24.000000 	N/A	Disabled
8224	5036	uihost.exe	0x80052d32d080	66	-	1	False	2024-07-13 17:30:24.000000 	N/A	Disabled
8296	2148	sihost.exe	0x80052d365080	13	-	1	False	2024-07-13 17:30:24.000000 	N/A	Disabled
8380	1020	svchost.exe	0x80052e373080	1	-	1	False	2024-07-13 17:30:24.000000 	N/A	Disabled
8396	1020	svchost.exe	0x80052d6e1080	9	-	1	False	2024-07-13 17:30:24.000000 	N/A	Disabled
8408	4992	mc-fw-host.exe	0x80052d5e9080	33	-	1	False	2024-07-13 17:30:24.000000 	N/A	Disabled
8484	1020	svchost.exe	0x80052dfa3080	2	-	1	False	2024-07-13 17:30:24.000000 	N/A	Disabled
8596	1020	svchost.exe	0x80052d350080	6	-	1	False	2024-07-13 17:30:24.000000 	N/A	Disabled
8724	1020	svchost.exe	0x80052e7e2080	14	-	0	False	2024-07-13 17:30:24.000000 	N/A	Disabled
8792	2552	taskhostw.exe	0x80052e7e0080	12	-	1	False	2024-07-13 17:30:24.000000 	N/A	Disabled
5356	516	userinit.exe	0x80052e7dd080	0	-	1	False	2024-07-13 17:30:24.000000 	2024-07-13 17:30:51.000000 	Disabled
8340	5356	explorer.exe	0x80052e7e1080	203	-	1	False	2024-07-13 17:30:24.000000 	N/A	Disabled
9236	1020	svchost.exe	0x80052e7da0c0	11	-	0	False	2024-07-13 17:30:24.000000 	N/A	Disabled
10000	1020	svchost.exe	0x80052eb5f080	1	-	0	False	2024-07-13 17:30:25.000000 	N/A	Disabled
9276	1020	svchost.exe	0x80052ec0e080	8	-	1	False	2024-07-13 17:30:28.000000 	N/A	Disabled
6424	1140	StartMenuExper	0x80052ed2f1c0	22	-	1	False	2024-07-13 17:30:28.000000 	N/A	Disabled
10248	1140	Widgets.exe	0x8005300fd080	15	-	1	False	2024-07-13 17:30:28.000000 	N/A	Disabled
10280	1020	svchost.exe	0x80052edd3080	6	-	1	False	2024-07-13 17:30:29.000000 	N/A	Disabled
10288	1140	RuntimeBroker.	0x80052eebb0c0	6	-	1	False	2024-07-13 17:30:29.000000 	N/A	Disabled
10372	1020	SearchIndexer.	0x80053014f080	38	-	0	False	2024-07-13 17:30:29.000000 	N/A	Disabled
10380	1140	RuntimeBroker.	0x800530140080	39	-	1	False	2024-07-13 17:30:29.000000 	N/A	Disabled
10852	1020	NisSrv.exe	0x80053035c080	4	-	0	False	2024-07-13 17:30:29.000000 	N/A	Disabled
11332	1140	dllhost.exe	0x8005305f9080	9	-	1	False	2024-07-13 17:30:30.000000 	N/A	Disabled
11520	3844	ctfmon.exe	0x8005306d80c0	15	-	1	False	2024-07-13 17:30:30.000000 	N/A	Disabled
11928	8340	SecurityHealth	0x800530855080	1	-	1	False	2024-07-13 17:30:31.000000 	N/A	Disabled
11948	1020	SecurityHealth	0x8005308650c0	10	-	0	False	2024-07-13 17:30:31.000000 	N/A	Disabled
12068	8340	WavesSvc64.exe	0x800530dc8080	8	-	1	False	2024-07-13 17:30:32.000000 	N/A	Disabled
12176	8340	OneDrive.exe	0x800531038080	30	-	1	False	2024-07-13 17:30:32.000000 	N/A	Disabled
2504	1020	svchost.exe	0x800530c6a080	18	-	0	False	2024-07-13 17:30:33.000000 	N/A	Disabled
3584	1140	WidgetService.	0x800530c740c0	5	-	1	False	2024-07-13 17:30:33.000000 	N/A	Disabled
11816	1020	svchost.exe	0x800531121080	6	-	0	False	2024-07-13 17:30:33.000000 	N/A	Disabled
12524	12496	firefox.exe	0x80052dbd40c0	113	-	1	False	2024-07-13 17:30:35.000000 	N/A	Disabled
12792	12524	firefox.exe	0x800530cdd080	62	-	1	False	2024-07-13 17:30:36.000000 	N/A	Disabled
12892	12524	firefox.exe	0x8005303f0080	5	-	1	False	2024-07-13 17:30:36.000000 	N/A	Disabled
13300	1140	RuntimeBroker.	0x800530e320c0	2	-	1	False	2024-07-13 17:30:36.000000 	N/A	Disabled
6388	12524	firefox.exe	0x800530b7e080	28	-	1	False	2024-07-13 17:30:36.000000 	N/A	Disabled
6856	1020	svchost.exe	0x800530f4c080	3	-	0	False	2024-07-13 17:30:36.000000 	N/A	Disabled
12508	12524	firefox.exe	0x80053176f080	27	-	1	False	2024-07-13 17:30:37.000000 	N/A	Disabled
13432	12524	firefox.exe	0x800530a33080	6	-	1	False	2024-07-13 17:30:37.000000 	N/A	Disabled
13516	12524	firefox.exe	0x8005317cd080	31	-	1	False	2024-07-13 17:30:37.000000 	N/A	Disabled
14092	1140	TextInputHost.	0x800531b450c0	26	-	1	False	2024-07-13 17:30:38.000000 	N/A	Disabled
15060	12524	firefox.exe	0x800530325080	27	-	1	False	2024-07-13 17:30:41.000000 	N/A	Disabled
15024	12524	firefox.exe	0x800531f4d080	7	-	1	False	2024-07-13 17:30:42.000000 	N/A	Disabled
15016	12524	firefox.exe	0x800531fca080	5	-	1	False	2024-07-13 17:30:42.000000 	N/A	Disabled
16016	13880	msedge.exe	0x8005325780c0	53	-	1	False	2024-07-13 17:30:44.000000 	N/A	Disabled
16052	16016	msedge.exe	0x8005325760c0	7	-	1	False	2024-07-13 17:30:45.000000 	N/A	Disabled
16288	16016	msedge.exe	0x80053185f1c0	21	-	1	False	2024-07-13 17:30:45.000000 	N/A	Disabled
16300	16016	msedge.exe	0x80053257d140	20	-	1	False	2024-07-13 17:30:45.000000 	N/A	Disabled
16340	16016	msedge.exe	0x80053207d080	10	-	1	False	2024-07-13 17:30:45.000000 	N/A	Disabled
14604	16016	msedge.exe	0x8005314060c0	21	-	1	False	2024-07-13 17:30:45.000000 	N/A	Disabled
15532	16016	msedge.exe	0x800532579080	21	-	1	False	2024-07-13 17:30:46.000000 	N/A	Disabled
15616	16016	msedge.exe	0x800531b6a080	20	-	1	False	2024-07-13 17:30:46.000000 	N/A	Disabled
14620	16016	cmd.exe	0x800532862080	1	-	1	False	2024-07-13 17:30:48.000000 	N/A	Disabled
15412	16016	cmd.exe	0x80052c6ae080	1	-	1	False	2024-07-13 17:30:48.000000 	N/A	Disabled
14324	14620	conhost.exe	0x80050d0f2080	3	-	1	False	2024-07-13 17:30:48.000000 	N/A	Disabled
16220	15412	conhost.exe	0x80050d1cf080	3	-	1	False	2024-07-13 17:30:48.000000 	N/A	Disabled
932	14620	browserhost.ex	0x80050d1d0080	28	-	1	False	2024-07-13 17:30:48.000000 	N/A	Disabled
1188	15412	mc-extn-browse	0x8005251e7080	20	-	1	False	2024-07-13 17:30:48.000000 	N/A	Disabled
3424	1020	svchost.exe	0x800528462080	20	-	1	False	2024-07-13 17:30:48.000000 	N/A	Disabled
16808	16016	msedge.exe	0x8005254c8080	9	-	1	False	2024-07-13 17:30:53.000000 	N/A	Disabled
7868	1140	WhatsApp.exe	0x80053130a080	23	-	1	False	2024-07-13 17:31:09.000000 	N/A	Disabled
2592	1140	RuntimeBroker.	0x80052826a080	7	-	1	False	2024-07-13 17:31:10.000000 	N/A	Disabled
8248	1140	ApplicationFra	0x80052826c0c0	4	-	1	False	2024-07-13 17:31:14.000000 	N/A	Disabled
14452	1020	svchost.exe	0x800528d081c0	9	-	0	False	2024-07-13 17:31:28.000000 	N/A	Disabled
16712	14452	MoUsoCoreWorke	0x8005251e6080	6	-	0	False	2024-07-13 17:31:28.000000 	N/A	Disabled
5448	16016	msedge.exe	0x800532281080	9	-	1	False	2024-07-13 17:31:45.000000 	N/A	Disabled
12064	4608	Dell.TechHub.A	0x8005284530c0	18	-	0	False	2024-07-13 17:31:51.000000 	N/A	Disabled
12084	4608	Dell.TechHub.D	0x8005301240c0	16	-	0	False	2024-07-13 17:31:51.000000 	N/A	Disabled
10608	4608	Dell.TechHub.I	0x8005322cc0c0	38	-	0	False	2024-07-13 17:31:51.000000 	N/A	Disabled
10028	12064	conhost.exe	0x8005328ba0c0	4	-	0	False	2024-07-13 17:31:51.000000 	N/A	Disabled
12208	4608	Dell.TechHub.D	0x80050df110c0	22	-	0	False	2024-07-13 17:31:51.000000 	N/A	Disabled
12216	12084	conhost.exe	0x8005282670c0	4	-	0	False	2024-07-13 17:31:51.000000 	N/A	Disabled
3608	10608	conhost.exe	0x8005328460c0	4	-	0	False	2024-07-13 17:31:51.000000 	N/A	Disabled
15960	4608	Dell.CoreServi	0x8005304ab080	17	-	0	False	2024-07-13 17:31:51.000000 	N/A	Disabled
11776	4608	Dell.DCF.UA.Br	0x800530547080	20	-	0	False	2024-07-13 17:31:51.000000 	N/A	Disabled
11700	12208	conhost.exe	0x8005284360c0	4	-	0	False	2024-07-13 17:31:51.000000 	N/A	Disabled
15424	11776	conhost.exe	0x80052519c0c0	4	-	0	False	2024-07-13 17:31:52.000000 	N/A	Disabled
8988	1140	WmiPrvSE.exe	0x800531508080	12	-	0	False	2024-07-13 17:32:05.000000 	N/A	Disabled
5092	1020	svchost.exe	0x800524b21080	10	-	0	False	2024-07-13 17:32:06.000000 	N/A	Disabled
10452	10608	Dell.TechHub.I	0x800524ecc080	31	-	1	False	2024-07-13 17:32:10.000000 	N/A	Disabled
17856	1020	DDVRulesProces	0x8005282d60c0	9	-	0	False	2024-07-13 17:32:20.000000 	N/A	Disabled
17952	1020	svchost.exe	0x80052c927080	5	-	1	False	2024-07-13 17:32:24.000000 	N/A	Disabled
6560	1020	Dell.D3.WinSvc	0x8005325d9080	28	-	0	False	2024-07-13 17:32:29.000000 	N/A	Disabled
17976	1020	DellSupportAss	0x8005276ef080	39	-	0	False	2024-07-13 17:32:29.000000 	N/A	Disabled
18404	1020	ServiceShell.e	0x8005286cb080	37	-	0	False	2024-07-13 17:32:30.000000 	N/A	Disabled
9580	1020	FusionService.	0x8005310d90c0	16	-	0	False	2024-07-13 17:32:47.000000 	N/A	Disabled
15888	1020	SupportAssistA	0x800527a7d080	48	-	0	False	2024-07-13 17:33:00.000000 	N/A	Disabled
13740	1020	DDVDataCollect	0x800530c92140	30	-	0	False	2024-07-13 17:33:01.000000 	N/A	Disabled
3640	1020	DDVCollectorSv	0x80052891f080	2	-	0	False	2024-07-13 17:33:02.000000 	N/A	Disabled
9132	1020	svchost.exe	0x8005280430c0	0	-	0	False	2024-07-13 17:33:23.000000 	2024-07-13 17:33:30.000000 	Disabled
8168	10248	msedgewebview2	0x80053b7350c0	46	-	1	False	2024-07-13 17:33:35.000000 	N/A	Disabled
3908	8168	msedgewebview2	0x800530d630c0	7	-	1	False	2024-07-13 17:33:35.000000 	N/A	Disabled
15276	8168	msedgewebview2	0x80053264c080	20	-	1	False	2024-07-13 17:33:35.000000 	N/A	Disabled
3672	8168	msedgewebview2	0x80053b6de0c0	18	-	1	False	2024-07-13 17:33:36.000000 	N/A	Disabled
4036	8168	msedgewebview2	0x800532032080	9	-	1	False	2024-07-13 17:33:36.000000 	N/A	Disabled
8568	8168	msedgewebview2	0x80053b6340c0	20	-	1	False	2024-07-13 17:33:36.000000 	N/A	Disabled
18800	1020	svchost.exe	0x80053b654100	9	-	0	False	2024-07-13 17:33:39.000000 	N/A	Disabled
18992	1140	SearchHost.exe	0x80053b6450c0	63	-	1	False	2024-07-13 17:33:41.000000 	N/A	Disabled
19104	2552	LocationNotifi	0x8005328a90c0	1	-	1	False	2024-07-13 17:33:41.000000 	N/A	Disabled
17492	1140	ShellExperienc	0x8005321860c0	15	-	1	False	2024-07-13 17:35:30.000000 	N/A	Disabled
2104	1140	RuntimeBroker.	0x8005276530c0	1	-	1	False	2024-07-13 17:35:30.000000 	N/A	Disabled
10120	8340	Code.exe	0x80053bc680c0	44	-	1	False	2024-07-13 17:36:27.000000 	N/A	Disabled
6896	10120	Code.exe	0x80053bc1c1c0	7	-	1	False	2024-07-13 17:36:28.000000 	N/A	Disabled
12556	10120	Code.exe	0x80053bb511c0	18	-	1	False	2024-07-13 17:36:28.000000 	N/A	Disabled
8308	10120	Code.exe	0x8005279e9080	14	-	1	False	2024-07-13 17:36:28.000000 	N/A	Disabled
10720	10120	Code.exe	0x80052c9a8080	20	-	1	False	2024-07-13 17:36:28.000000 	N/A	Disabled
3840	10120	Code.exe	0x80053bd51080	19	-	1	False	2024-07-13 17:36:30.000000 	N/A	Disabled
18256	10120	Code.exe	0x80053ba4c080	18	-	1	False	2024-07-13 17:36:30.000000 	N/A	Disabled
7932	10120	Code.exe	0x80053bd5b080	19	-	1	False	2024-07-13 17:36:30.000000 	N/A	Disabled
7768	10120	Code.exe	0x80053bc62080	21	-	1	False	2024-07-13 17:36:32.000000 	N/A	Disabled
11716	7768	conhost.exe	0x80053bc020c0	5	-	1	False	2024-07-13 17:36:34.000000 	N/A	Disabled
12052	7768	powershell.exe	0x80053bb94080	9	-	1	False	2024-07-13 17:36:34.000000 	N/A	Disabled
8124	3840	Code.exe	0x80052e8ec0c0	9	-	1	False	2024-07-13 17:36:35.000000 	N/A	Disabled
14056	3840	Code.exe	0x800528995080	10	-	1	False	2024-07-13 17:36:36.000000 	N/A	Disabled
17548	14056	Code.exe	0x80053c39b0c0	9	-	1	False	2024-07-13 17:36:37.000000 	N/A	Disabled
13568	3840	Code.exe	0x80052ede1080	8	-	1	False	2024-07-13 17:36:38.000000 	N/A	Disabled
15468	3840	Code.exe	0x80053bb790c0	8	-	1	False	2024-07-13 17:36:47.000000 	N/A	Disabled
11552	3840	Code.exe	0x80053c1d4080	12	-	1	False	2024-07-13 17:36:48.000000 	N/A	Disabled
3420	10120	CodeSetup-stab	0x80053c207080	1	-	1	True	2024-07-13 17:36:59.000000 	N/A	Disabled
16784	3420	CodeSetup-stab	0x80053c206080	1	-	1	True	2024-07-13 17:36:59.000000 	N/A	Disabled
12376	7768	conhost.exe	0x80053c1da080	5	-	1	False	2024-07-13 17:37:16.000000 	N/A	Disabled
16800	7768	powershell.exe	0x80053bb5d080	9	-	1	False	2024-07-13 17:37:16.000000 	N/A	Disabled
18048	16800	node.exe	0x80053c9950c0	14	-	1	False	2024-07-13 17:37:36.000000 	N/A	Disabled
4196	1020	svchost.exe	0x80052ef020c0	4	-	0	False	2024-07-13 17:37:47.000000 	N/A	Disabled
1636	1140	FileCoAuth.exe	0x8005287ef0c0	4	-	1	False	2024-07-13 17:38:07.000000 	N/A	Disabled
16892	1140	DataExchangeHo	0x80053275d080	23	-	1	False	2024-07-13 17:38:15.000000 	N/A	Disabled
2308	8340	chrome.exe	0x8005304880c0	42	-	1	False	2024-07-13 17:39:03.000000 	N/A	Disabled
1632	2308	chrome.exe	0x8005300130c0	8	-	1	False	2024-07-13 17:39:03.000000 	N/A	Disabled
14372	2308	chrome.exe	0x80053d5680c0	19	-	1	False	2024-07-13 17:39:03.000000 	N/A	Disabled
7420	2308	chrome.exe	0x80053d071080	19	-	1	False	2024-07-13 17:39:03.000000 	N/A	Disabled
3784	2308	chrome.exe	0x80053c1f3080	11	-	1	False	2024-07-13 17:39:04.000000 	N/A	Disabled
3756	2308	chrome.exe	0x80053d7130c0	20	-	1	False	2024-07-13 17:39:04.000000 	N/A	Disabled
12380	2308	chrome.exe	0x80053d703080	21	-	1	False	2024-07-13 17:39:04.000000 	N/A	Disabled
17344	2308	cmd.exe	0x80053c3b8080	1	-	1	False	2024-07-13 17:39:06.000000 	N/A	Disabled
6396	2308	cmd.exe	0x80053c48e080	1	-	1	False	2024-07-13 17:39:06.000000 	N/A	Disabled
18952	17344	conhost.exe	0x80053d4a3080	3	-	1	False	2024-07-13 17:39:06.000000 	N/A	Disabled
15716	6396	conhost.exe	0x80053c9a1080	3	-	1	False	2024-07-13 17:39:06.000000 	N/A	Disabled
8508	6396	mc-extn-browse	0x80053d4d5080	20	-	1	False	2024-07-13 17:39:06.000000 	N/A	Disabled
19196	17344	browserhost.ex	0x80053d4d4080	32	-	1	False	2024-07-13 17:39:06.000000 	N/A	Disabled
19676	2308	chrome.exe	0x80053d0b5080	20	-	1	False	2024-07-13 17:39:08.000000 	N/A	Disabled
19512	2308	chrome.exe	0x80053dbc91c0	21	-	1	False	2024-07-13 17:39:38.000000 	N/A	Disabled
12300	1020	svchost.exe	0x80053b9f5140	3	-	0	False	2024-07-13 17:44:36.000000 	N/A	Disabled
19480	2308	chrome.exe	0x8005321ca0c0	9	-	1	False	2024-07-13 17:45:15.000000 	N/A	Disabled
14192	12524	firefox.exe	0x80053d308080	28	-	1	False	2024-07-13 17:51:44.000000 	N/A	Disabled
15476	12524	firefox.exe	0x80053cc8f1c0	27	-	1	False	2024-07-13 17:57:29.000000 	N/A	Disabled
19496	1140	UserOOBEBroker	0x80053ef020c0	3	-	1	False	2024-07-13 17:57:55.000000 	N/A	Disabled
14536	12524	firefox.exe	0x80053ba240c0	27	-	1	False	2024-07-13 17:59:05.000000 	N/A	Disabled
20076	12524	firefox.exe	0x80053ccc41c0	28	-	1	False	2024-07-13 18:00:35.000000 	N/A	Disabled
3236	1140	Video.UI.exe	0x80053d78d080	14	-	1	False	2024-07-13 18:00:47.000000 	N/A	Disabled
20188	1140	RuntimeBroker.	0x80053dc17080	4	-	1	False	2024-07-13 18:00:48.000000 	N/A	Disabled
2700	12524	firefox.exe	0x80053c75b080	28	-	1	False	2024-07-13 18:00:48.000000 	N/A	Disabled
5652	19488	msiexec.exe	0x80053b6d5080	0	-	1	True	2024-07-13 18:01:51.000000 	2024-07-13 18:02:07.000000 	Disabled
2860	1020	svchost.exe	0x80053d090080	1	-	0	False	2024-07-13 18:11:46.000000 	N/A	Disabled
20488	1020	svchost.exe	0x8005409c6080	12	-	0	False	2024-07-13 18:11:47.000000 	N/A	Disabled
17432	1020	svchost.exe	0x800540f05080	1	-	0	False	2024-07-13 18:11:49.000000 	N/A	Disabled
13280	516	LogonUI.exe	0x80053ba9e080	0	-	1	False	2024-07-13 18:19:02.000000 	2024-07-13 18:20:14.000000 	Disabled
8708	1140	LockApp.exe	0x80054090b0c0	14	-	1	False	2024-07-13 18:19:03.000000 	N/A	Disabled
20924	1140	RuntimeBroker.	0x800540f09080	11	-	1	False	2024-07-13 18:19:03.000000 	N/A	Disabled
22360	16016	msedge.exe	0x8005413240c0	15	-	1	False	2024-07-13 18:25:44.000000 	N/A	Disabled
4424	516	LogonUI.exe	0x80053c1cd080	0	-	1	False	2024-07-13 18:30:13.000000 	2024-07-13 18:32:02.000000 	Disabled
5268	516	LogonUI.exe	0x80053eb020c0	0	-	1	False	2024-07-13 18:41:26.000000 	2024-07-13 18:44:34.000000 	Disabled
2516	2308	chrome.exe	0x80054049b0c0	23	-	1	False	2024-07-13 18:45:07.000000 	N/A	Disabled
21580	2308	chrome.exe	0x80053bd020c0	20	-	1	False	2024-07-13 18:45:21.000000 	N/A	Disabled
4048	3840	Code.exe	0x80053dc020c0	8	-	1	False	2024-07-13 18:56:08.000000 	N/A	Disabled
5564	2308	chrome.exe	0x8005415440c0	24	-	1	False	2024-07-13 19:03:12.000000 	N/A	Disabled
22696	18048	node.exe	0x8005405650c0	12	-	1	False	2024-07-13 19:05:49.000000 	N/A	Disabled
19528	3512	Code.exe	0x800528ee2080	0	-	1	False	2024-07-13 19:19:31.000000 	2024-07-13 20:13:04.000000 	Disabled
17864	22184	Code.exe	0x800528d110c0	0	-	1	False	2024-07-13 19:19:32.000000 	2024-07-13 20:13:04.000000 	Disabled
9836	516	LogonUI.exe	0x800531a92080	0	-	1	False	2024-07-13 19:23:39.000000 	2024-07-13 19:25:43.000000 	Disabled
18728	516	LogonUI.exe	0x80053c248080	0	-	1	False	2024-07-13 19:28:52.000000 	2024-07-13 19:41:24.000000 	Disabled
13576	1140	dllhost.exe	0x80053fca31c0	4	-	1	False	2024-07-13 19:41:22.000000 	N/A	Disabled
16648	516	LogonUI.exe	0x800542b5e0c0	0	-	1	False	2024-07-13 19:46:31.000000 	2024-07-13 19:56:38.000000 	Disabled
11060	516	LogonUI.exe	0x800528be50c0	0	-	1	False	2024-07-13 20:03:24.000000 	2024-07-13 20:06:52.000000 	Disabled
19036	516	LogonUI.exe	0x800540e690c0	0	-	1	False	2024-07-13 20:11:44.000000 	2024-07-13 20:12:26.000000 	Disabled
6088	12524	firefox.exe	0x80053fca21c0	28	-	1	False	2024-07-13 20:13:53.000000 	N/A	Disabled
3044	8340	powershell.exe	0x80053c1e90c0	9	-	1	False	2024-07-13 20:14:08.000000 	N/A	Disabled
9736	3044	conhost.exe	0x800540e580c0	2	-	1	False	2024-07-13 20:14:08.000000 	N/A	Disabled
19820	1140	OpenConsole.ex	0x8005446420c0	6	-	1	False	2024-07-13 20:14:08.000000 	N/A	Disabled
24356	1140	WindowsTermina	0x800541d220c0	14	-	1	False	2024-07-13 20:14:08.000000 	N/A	Disabled
17884	1140	RuntimeBroker.	0x800540017080	2	-	1	False	2024-07-13 20:14:09.000000 	N/A	Disabled
20836	8340	powershell.exe	0x8005441a41c0	9	-	1	False	2024-07-13 20:15:36.000000 	N/A	Disabled
17380	20836	conhost.exe	0x80054404d140	2	-	1	False	2024-07-13 20:15:36.000000 	N/A	Disabled
19092	1140	OpenConsole.ex	0x8005408900c0	6	-	1	False	2024-07-13 20:15:36.000000 	N/A	Disabled
22660	3816	audiodg.exe	0x800540c21080	43	-	0	False	2024-07-13 20:19:00.000000 	N/A	Disabled
24024	12052	node.exe	0x80054463e1c0	13	-	1	False	2024-07-13 20:21:03.000000 	N/A	Disabled
17996	24024	cmd.exe	0x80053cfd7080	1	-	1	False	2024-07-13 20:21:04.000000 	N/A	Disabled
16980	17996	node.exe	0x80052ce91080	14	-	1	False	2024-07-13 20:21:04.000000 	N/A	Disabled
23316	16980	esbuild.exe	0x800541edf080	21	-	1	False	2024-07-13 20:21:06.000000 	N/A	Disabled
18780	1140	dllhost.exe	0x800544614080	5	-	1	False	2024-07-13 20:24:28.000000 	N/A	Disabled
13596	1020	svchost.exe	0x800543dec0c0	3	-	0	False	2024-07-13 20:24:29.000000 	N/A	Disabled
24284	1020	VSSVC.exe	0x8005439c71c0	9	-	0	False	2024-07-13 20:40:28.000000 	N/A	Disabled
15712	1020	svchost.exe	0x800530e5d080	3	-	0	False	2024-07-13 20:40:29.000000 	N/A	Disabled
24140	12524	firefox.exe	0x800541757140	28	-	1	False	2024-07-13 20:50:06.000000 	N/A	Disabled
21388	1020	svchost.exe	0x800540c28080	9	-	0	False	2024-07-13 20:57:16.000000 	N/A	Disabled
17176	12524	firefox.exe	0x80053ec3f080	31	-	1	False	2024-07-13 20:59:55.000000 	N/A	Disabled
20996	12524	firefox.exe	0x80053d0c7080	31	-	1	False	2024-07-13 21:00:41.000000 	N/A	Disabled
24332	516	LogonUI.exe	0x800540fb7080	0	-	1	False	2024-07-13 21:09:44.000000 	2024-07-13 21:10:14.000000 	Disabled
22352	516	LogonUI.exe	0x8005425190c0	0	-	1	False	2024-07-13 21:13:14.000000 	2024-07-13 21:23:47.000000 	Disabled
9748	1140	WmiPrvSE.exe	0x8005418640c0	9	-	0	False	2024-07-13 21:23:46.000000 	N/A	Disabled
20208	516	LogonUI.exe	0x80054167b1c0	0	-	1	False	2024-07-13 21:26:52.000000 	2024-07-13 21:27:08.000000 	Disabled
17600	1020	svchost.exe	0x80053ccb50c0	7	-	0	False	2024-07-13 21:28:10.000000 	N/A	Disabled
12188	12524	firefox.exe	0x8005448ea0c0	28	-	1	False	2024-07-13 21:28:48.000000 	N/A	Disabled
20888	12524	firefox.exe	0x8005303230c0	30	-	1	False	2024-07-13 21:30:24.000000 	N/A	Disabled
2028	1140	backgroundTask	0x8005322a1080	14	-	1	False	2024-07-13 21:31:00.000000 	N/A	Disabled
24372	1140	RuntimeBroker.	0x80053f78e080	1	-	1	False	2024-07-13 21:31:02.000000 	N/A	Disabled
17000	5504	msiexec.exe	0x8005414e7080	0	-	1	True	2024-07-13 21:33:37.000000 	2024-07-13 21:33:57.000000 	Disabled
8760	12524	firefox.exe	0x80053c499080	30	-	1	False	2024-07-13 21:33:38.000000 	N/A	Disabled
19252	1020	svchost.exe	0x80053c292080	6	-	0	False	2024-07-13 21:33:55.000000 	N/A	Disabled
21940	23052	FTK Imager.exe	0x80053d3c5080	35	-	1	False	2024-07-13 21:33:57.000000 	N/A	Disabled
10204	12524	firefox.exe	0x800541681080	27	-	1	False	2024-07-13 21:35:11.000000 	N/A	Disabled
13316	12524	firefox.exe	0x8005405570c0	41	-	1	False	2024-07-13 21:36:13.000000 	N/A	Disabled
4068	12524	firefox.exe	0x80053ed68080	28	-	1	False	2024-07-13 21:36:52.000000 	N/A	Disabled
21500	12524	firefox.exe	0x8005420e4080	18	-	1	False	2024-07-13 21:37:05.000000 	N/A	Disabled
13264	12524	firefox.exe	0x800540d2c080	18	-	1	False	2024-07-13 21:37:07.000000 	N/A	Disabled
6224	12524	firefox.exe	0x800541f510c0	18	-	1	False	2024-07-13 21:37:50.000000 	N/A	Disabled
21652	1020	svchost.exe	0x800544142080	4	-	0	False	2024-07-13 21:38:47.000000 	N/A	Disabled
3592	1020	svchost.exe	0x8005315b9080	10	-	0	False	2024-07-13 21:42:00.000000 	N/A	Disabled
2908	1020	TrustedInstall	0x800541dc6080	3	-	0	False	2024-07-13 21:42:23.000000 	N/A	Disabled
3448	1140	TiWorker.exe	0x80052767a080	2	-	0	False	2024-07-13 21:42:23.000000 	N/A	Disabled
17596	2308	chrome.exe	0x800541506080	15	-	1	False	2024-07-13 21:43:47.000000 	N/A	Disabled
20864	2308	chrome.exe	0x8005457a80c0	21	-	1	False	2024-07-13 21:43:49.000000 	N/A	Disabled
10964	2308	chrome.exe	0x8005443aa140	14	-	1	False	2024-07-13 21:44:31.000000 	N/A	Disabled
